nohup: ignoring input

Collecting usage statistics. To deactivate, set browser.gatherUsageStats to false.


  You can now view your Streamlit app in your browser.

  URL: http://0.0.0.0:51657

2025-08-19 03:49:10.346 Failed to schedule watch observer for path /workspace/systems/rag-system/public
Traceback (most recent call last):
  File "/openhands/poetry/openhands-ai-5O4_aCHf-py3.12/lib/python3.12/site-packages/streamlit/watcher/event_based_path_watcher.py", line 186, in watch_path
    folder_handler.watch = self._observer.schedule(
                           ^^^^^^^^^^^^^^^^^^^^^^^^
  File "/openhands/poetry/openhands-ai-5O4_aCHf-py3.12/lib/python3.12/site-packages/watchdog/observers/api.py", line 312, in schedule
    emitter.start()
  File "/openhands/poetry/openhands-ai-5O4_aCHf-py3.12/lib/python3.12/site-packages/watchdog/utils/__init__.py", line 75, in start
    self.on_thread_start()
  File "/openhands/poetry/openhands-ai-5O4_aCHf-py3.12/lib/python3.12/site-packages/watchdog/observers/inotify.py", line 119, in on_thread_start
    self._inotify = InotifyBuffer(path, recursive=self.watch.is_recursive, event_mask=event_mask)
                    ^^^^^^^^^^^^^^^^^^^^^^^^^^^^^^^^^^^^^^^^^^^^^^^^^^^^^^^^^^^^^^^^^^^^^^^^^^^^^
  File "/openhands/poetry/openhands-ai-5O4_aCHf-py3.12/lib/python3.12/site-packages/watchdog/observers/inotify_buffer.py", line 30, in __init__
    self._inotify = Inotify(path, recursive=recursive, event_mask=event_mask)
                    ^^^^^^^^^^^^^^^^^^^^^^^^^^^^^^^^^^^^^^^^^^^^^^^^^^^^^^^^^
  File "/openhands/poetry/openhands-ai-5O4_aCHf-py3.12/lib/python3.12/site-packages/watchdog/observers/inotify_c.py", line 149, in __init__
    Inotify._raise_error()
  File "/openhands/poetry/openhands-ai-5O4_aCHf-py3.12/lib/python3.12/site-packages/watchdog/observers/inotify_c.py", line 438, in _raise_error
    raise OSError(errno.EMFILE, "inotify instance limit reached")
OSError: [Errno 24] inotify instance limit reached
2025-08-19 03:49:21.568 Failed to schedule watch observer for path /workspace/systems/rag-system/public
Traceback (most recent call last):
  File "/openhands/poetry/openhands-ai-5O4_aCHf-py3.12/lib/python3.12/site-packages/streamlit/watcher/event_based_path_watcher.py", line 186, in watch_path
    folder_handler.watch = self._observer.schedule(
                           ^^^^^^^^^^^^^^^^^^^^^^^^
  File "/openhands/poetry/openhands-ai-5O4_aCHf-py3.12/lib/python3.12/site-packages/watchdog/observers/api.py", line 312, in schedule
    emitter.start()
  File "/openhands/poetry/openhands-ai-5O4_aCHf-py3.12/lib/python3.12/site-packages/watchdog/utils/__init__.py", line 75, in start
    self.on_thread_start()
  File "/openhands/poetry/openhands-ai-5O4_aCHf-py3.12/lib/python3.12/site-packages/watchdog/observers/inotify.py", line 119, in on_thread_start
    self._inotify = InotifyBuffer(path, recursive=self.watch.is_recursive, event_mask=event_mask)
                    ^^^^^^^^^^^^^^^^^^^^^^^^^^^^^^^^^^^^^^^^^^^^^^^^^^^^^^^^^^^^^^^^^^^^^^^^^^^^^
  File "/openhands/poetry/openhands-ai-5O4_aCHf-py3.12/lib/python3.12/site-packages/watchdog/observers/inotify_buffer.py", line 30, in __init__
    self._inotify = Inotify(path, recursive=recursive, event_mask=event_mask)
                    ^^^^^^^^^^^^^^^^^^^^^^^^^^^^^^^^^^^^^^^^^^^^^^^^^^^^^^^^^
  File "/openhands/poetry/openhands-ai-5O4_aCHf-py3.12/lib/python3.12/site-packages/watchdog/observers/inotify_c.py", line 149, in __init__
    Inotify._raise_error()
  File "/openhands/poetry/openhands-ai-5O4_aCHf-py3.12/lib/python3.12/site-packages/watchdog/observers/inotify_c.py", line 438, in _raise_error
    raise OSError(errno.EMFILE, "inotify instance limit reached")
OSError: [Errno 24] inotify instance limit reached
2025-08-19 03:49:40.193 Failed to schedule watch observer for path /workspace/systems/rag-system/public
Traceback (most recent call last):
  File "/openhands/poetry/openhands-ai-5O4_aCHf-py3.12/lib/python3.12/site-packages/streamlit/watcher/event_based_path_watcher.py", line 186, in watch_path
    folder_handler.watch = self._observer.schedule(
                           ^^^^^^^^^^^^^^^^^^^^^^^^
  File "/openhands/poetry/openhands-ai-5O4_aCHf-py3.12/lib/python3.12/site-packages/watchdog/observers/api.py", line 312, in schedule
    emitter.start()
  File "/openhands/poetry/openhands-ai-5O4_aCHf-py3.12/lib/python3.12/site-packages/watchdog/utils/__init__.py", line 75, in start
    self.on_thread_start()
  File "/openhands/poetry/openhands-ai-5O4_aCHf-py3.12/lib/python3.12/site-packages/watchdog/observers/inotify.py", line 119, in on_thread_start
    self._inotify = InotifyBuffer(path, recursive=self.watch.is_recursive, event_mask=event_mask)
                    ^^^^^^^^^^^^^^^^^^^^^^^^^^^^^^^^^^^^^^^^^^^^^^^^^^^^^^^^^^^^^^^^^^^^^^^^^^^^^
  File "/openhands/poetry/openhands-ai-5O4_aCHf-py3.12/lib/python3.12/site-packages/watchdog/observers/inotify_buffer.py", line 30, in __init__
    self._inotify = Inotify(path, recursive=recursive, event_mask=event_mask)
                    ^^^^^^^^^^^^^^^^^^^^^^^^^^^^^^^^^^^^^^^^^^^^^^^^^^^^^^^^^
  File "/openhands/poetry/openhands-ai-5O4_aCHf-py3.12/lib/python3.12/site-packages/watchdog/observers/inotify_c.py", line 149, in __init__
    Inotify._raise_error()
  File "/openhands/poetry/openhands-ai-5O4_aCHf-py3.12/lib/python3.12/site-packages/watchdog/observers/inotify_c.py", line 438, in _raise_error
    raise OSError(errno.EMFILE, "inotify instance limit reached")
OSError: [Errno 24] inotify instance limit reached
